<?xml version="1.0" encoding="UTF-8"?>
<coverage generated="1740907472154" clover="3.2.0">
  <project timestamp="1740907472154" name="All files">
    <metrics statements="57" coveredstatements="52" conditionals="25" coveredconditionals="19" methods="5" coveredmethods="5" elements="87" coveredelements="76" complexity="0" loc="57" ncloc="57" packages="1" files="3" classes="3"/>
    <file name="createProduct.ts" path="/Users/gio/Development/natena/aws-epam/nodejs-aws-shop-react/aws-back/services/product-service/createProduct.ts">
      <metrics statements="20" coveredstatements="20" conditionals="11" coveredconditionals="10" methods="1" coveredmethods="1"/>
      <line num="2" count="1" type="stmt"/>
      <line num="3" count="1" type="stmt"/>
      <line num="4" count="1" type="stmt"/>
      <line num="6" count="1" type="cond" truecount="2" falsecount="0"/>
      <line num="7" count="1" type="stmt"/>
      <line num="18" count="1" type="stmt"/>
      <line num="20" count="3" type="stmt"/>
      <line num="22" count="3" type="stmt"/>
      <line num="24" count="3" type="cond" truecount="1" falsecount="1"/>
      <line num="25" count="3" type="stmt"/>
      <line num="28" count="3" type="cond" truecount="3" falsecount="0"/>
      <line num="29" count="1" type="stmt"/>
      <line num="30" count="1" type="stmt"/>
      <line num="39" count="2" type="stmt"/>
      <line num="40" count="2" type="stmt"/>
      <line num="46" count="2" type="stmt"/>
      <line num="55" count="2" type="stmt"/>
      <line num="75" count="1" type="stmt"/>
      <line num="88" count="1" type="stmt"/>
      <line num="89" count="1" type="stmt"/>
    </file>
    <file name="getProductsById.ts" path="/Users/gio/Development/natena/aws-epam/nodejs-aws-shop-react/aws-back/services/product-service/getProductsById.ts">
      <metrics statements="20" coveredstatements="17" conditionals="6" coveredconditionals="4" methods="1" coveredmethods="1"/>
      <line num="1" count="1" type="stmt"/>
      <line num="2" count="1" type="stmt"/>
      <line num="5" count="1" type="cond" truecount="2" falsecount="0"/>
      <line num="6" count="1" type="stmt"/>
      <line num="8" count="1" type="stmt"/>
      <line num="9" count="2" type="stmt"/>
      <line num="11" count="2" type="stmt"/>
      <line num="12" count="2" type="cond" truecount="0" falsecount="1"/>
      <line num="13" count="0" type="stmt"/>
      <line num="18" count="2" type="stmt"/>
      <line num="21" count="2" type="stmt"/>
      <line num="30" count="2" type="stmt"/>
      <line num="31" count="2" type="cond" truecount="1" falsecount="0"/>
      <line num="32" count="1" type="stmt"/>
      <line num="39" count="1" type="stmt"/>
      <line num="48" count="1" type="cond" truecount="1" falsecount="1"/>
      <line num="51" count="1" type="stmt"/>
      <line num="59" count="1" type="stmt"/>
      <line num="68" count="0" type="stmt"/>
      <line num="69" count="0" type="stmt"/>
    </file>
    <file name="getProductsList.ts" path="/Users/gio/Development/natena/aws-epam/nodejs-aws-shop-react/aws-back/services/product-service/getProductsList.ts">
      <metrics statements="17" coveredstatements="15" conditionals="8" coveredconditionals="5" methods="3" coveredmethods="3"/>
      <line num="1" count="1" type="stmt"/>
      <line num="2" count="1" type="stmt"/>
      <line num="5" count="1" type="cond" truecount="2" falsecount="0"/>
      <line num="6" count="1" type="stmt"/>
      <line num="8" count="1" type="stmt"/>
      <line num="9" count="1" type="stmt"/>
      <line num="11" count="1" type="stmt"/>
      <line num="13" count="1" type="stmt"/>
      <line num="19" count="1" type="cond" truecount="1" falsecount="1"/>
      <line num="22" count="1" type="stmt"/>
      <line num="28" count="1" type="cond" truecount="1" falsecount="1"/>
      <line num="31" count="1" type="stmt"/>
      <line num="32" count="6" type="cond" truecount="1" falsecount="1"/>
      <line num="33" count="3" type="stmt"/>
      <line num="43" count="1" type="stmt"/>
      <line num="52" count="0" type="stmt"/>
      <line num="53" count="0" type="stmt"/>
    </file>
  </project>
</coverage>
