<?xml version="1.0" encoding="UTF-8"?>
<coverage generated="1741238507590" clover="3.2.0">
  <project timestamp="1741238507590" name="All files">
    <metrics statements="25" coveredstatements="14" conditionals="2" coveredconditionals="2" methods="5" coveredmethods="1" elements="32" coveredelements="17" complexity="0" loc="25" ncloc="25" packages="1" files="1" classes="1"/>
    <file name="importFileParser.ts" path="/Users/gio/Development/natena/aws-epam/nodejs-aws-shop-react/aws-back/services/import-service/importFileParser.ts">
      <metrics statements="25" coveredstatements="14" conditionals="2" coveredconditionals="2" methods="5" coveredmethods="1"/>
      <line num="2" count="1" type="stmt"/>
      <line num="8" count="1" type="stmt"/>
      <line num="11" count="1" type="cond" truecount="2" falsecount="0"/>
      <line num="13" count="1" type="stmt"/>
      <line num="14" count="3" type="stmt"/>
      <line num="16" count="3" type="stmt"/>
      <line num="18" count="3" type="stmt"/>
      <line num="19" count="3" type="stmt"/>
      <line num="20" count="3" type="stmt"/>
      <line num="21" count="3" type="stmt"/>
      <line num="24" count="3" type="stmt"/>
      <line num="32" count="3" type="stmt"/>
      <line num="35" count="0" type="stmt"/>
      <line num="36" count="0" type="stmt"/>
      <line num="40" count="0" type="stmt"/>
      <line num="43" count="0" type="stmt"/>
      <line num="46" count="0" type="stmt"/>
      <line num="48" count="0" type="stmt"/>
      <line num="56" count="0" type="stmt"/>
      <line num="62" count="0" type="stmt"/>
      <line num="65" count="0" type="stmt"/>
      <line num="66" count="0" type="stmt"/>
      <line num="71" count="0" type="stmt"/>
      <line num="76" count="3" type="stmt"/>
      <line num="77" count="3" type="stmt"/>
    </file>
  </project>
</coverage>
