{"/Users/gio/Development/natena/aws-epam/nodejs-aws-shop-react/aws-back/services/product-service/createProduct.ts": {"path":"/Users/gio/Development/natena/aws-epam/nodejs-aws-shop-react/aws-back/services/product-service/createProduct.ts","statementMap":{"0":{"start":{"line":2,"column":0},"end":{"line":2,"column":58}},"1":{"start":{"line":3,"column":0},"end":{"line":3,"column":85}},"2":{"start":{"line":4,"column":0},"end":{"line":4,"column":36}},"3":{"start":{"line":6,"column":15},"end":{"line":6,"column":87}},"4":{"start":{"line":7,"column":18},"end":{"line":7,"column":53}},"5":{"start":{"line":18,"column":47},"end":{"line":94,"column":1}},"6":{"start":{"line":20,"column":2},"end":{"line":20,"column":60}},"7":{"start":{"line":22,"column":2},"end":{"line":93,"column":3}},"8":{"start":{"line":24,"column":17},"end":{"line":24,"column":57}},"9":{"start":{"line":25,"column":49},"end":{"line":25,"column":53}},"10":{"start":{"line":28,"column":4},"end":{"line":36,"column":5}},"11":{"start":{"line":29,"column":6},"end":{"line":29,"column":78}},"12":{"start":{"line":30,"column":6},"end":{"line":35,"column":8}},"13":{"start":{"line":39,"column":22},"end":{"line":39,"column":34}},"14":{"start":{"line":40,"column":24},"end":{"line":45,"column":6}},"15":{"start":{"line":46,"column":22},"end":{"line":49,"column":6}},"16":{"start":{"line":55,"column":4},"end":{"line":72,"column":6}},"17":{"start":{"line":75,"column":4},"end":{"line":85,"column":6}},"18":{"start":{"line":88,"column":4},"end":{"line":88,"column":52}},"19":{"start":{"line":89,"column":4},"end":{"line":92,"column":6}},"20":{"start":{"line":18,"column":13},"end":{"line":18,"column":47}}},"fnMap":{"0":{"name":"(anonymous_0)","decl":{"start":{"line":18,"column":47},"end":{"line":18,"column":52}},"loc":{"start":{"line":18,"column":63},"end":{"line":94,"column":1}}}},"branchMap":{"0":{"loc":{"start":{"line":6,"column":44},"end":{"line":6,"column":84}},"type":"binary-expr","locations":[{"start":{"line":6,"column":44},"end":{"line":6,"column":66}},{"start":{"line":6,"column":70},"end":{"line":6,"column":84}}]},"1":{"loc":{"start":{"line":24,"column":17},"end":{"line":24,"column":57}},"type":"cond-expr","locations":[{"start":{"line":24,"column":30},"end":{"line":24,"column":52}},{"start":{"line":24,"column":55},"end":{"line":24,"column":57}}]},"2":{"loc":{"start":{"line":28,"column":4},"end":{"line":36,"column":5}},"type":"if","locations":[{"start":{"line":28,"column":4},"end":{"line":36,"column":5}}]},"3":{"loc":{"start":{"line":28,"column":8},"end":{"line":28,"column":43}},"type":"binary-expr","locations":[{"start":{"line":28,"column":8},"end":{"line":28,"column":14}},{"start":{"line":28,"column":18},"end":{"line":28,"column":43}}]},"4":{"loc":{"start":{"line":43,"column":19},"end":{"line":43,"column":36}},"type":"binary-expr","locations":[{"start":{"line":43,"column":19},"end":{"line":43,"column":30}},{"start":{"line":43,"column":34},"end":{"line":43,"column":36}}]},"5":{"loc":{"start":{"line":48,"column":13},"end":{"line":48,"column":50}},"type":"cond-expr","locations":[{"start":{"line":48,"column":41},"end":{"line":48,"column":46}},{"start":{"line":48,"column":49},"end":{"line":48,"column":50}}]}},"s":{"0":1,"1":1,"2":1,"3":1,"4":1,"5":1,"6":3,"7":3,"8":3,"9":3,"10":3,"11":1,"12":1,"13":2,"14":2,"15":2,"16":2,"17":1,"18":1,"19":1,"20":1},"f":{"0":3},"b":{"0":[1,1],"1":[3,0],"2":[1],"3":[3,2],"4":[2,1],"5":[1,1]}}
,"/Users/gio/Development/natena/aws-epam/nodejs-aws-shop-react/aws-back/services/product-service/getProductsById.ts": {"path":"/Users/gio/Development/natena/aws-epam/nodejs-aws-shop-react/aws-back/services/product-service/getProductsById.ts","statementMap":{"0":{"start":{"line":1,"column":0},"end":{"line":1,"column":58}},"1":{"start":{"line":2,"column":0},"end":{"line":2,"column":75}},"2":{"start":{"line":5,"column":15},"end":{"line":5,"column":87}},"3":{"start":{"line":6,"column":18},"end":{"line":6,"column":53}},"4":{"start":{"line":8,"column":47},"end":{"line":76,"column":1}},"5":{"start":{"line":9,"column":2},"end":{"line":9,"column":41}},"6":{"start":{"line":11,"column":2},"end":{"line":75,"column":3}},"7":{"start":{"line":12,"column":4},"end":{"line":17,"column":5}},"8":{"start":{"line":13,"column":6},"end":{"line":16,"column":8}},"9":{"start":{"line":18,"column":22},"end":{"line":18,"column":52}},"10":{"start":{"line":21,"column":26},"end":{"line":27,"column":null}},"11":{"start":{"line":30,"column":20},"end":{"line":30,"column":38}},"12":{"start":{"line":31,"column":4},"end":{"line":36,"column":5}},"13":{"start":{"line":32,"column":6},"end":{"line":35,"column":8}},"14":{"start":{"line":39,"column":24},"end":{"line":45,"column":null}},"15":{"start":{"line":48,"column":18},"end":{"line":48,"column":50}},"16":{"start":{"line":51,"column":19},"end":{"line":57,"column":6}},"17":{"start":{"line":59,"column":4},"end":{"line":66,"column":6}},"18":{"start":{"line":68,"column":4},"end":{"line":68,"column":58}},"19":{"start":{"line":69,"column":4},"end":{"line":74,"column":6}},"20":{"start":{"line":8,"column":13},"end":{"line":8,"column":47}}},"fnMap":{"0":{"name":"(anonymous_0)","decl":{"start":{"line":8,"column":47},"end":{"line":8,"column":52}},"loc":{"start":{"line":8,"column":63},"end":{"line":76,"column":1}}}},"branchMap":{"0":{"loc":{"start":{"line":5,"column":44},"end":{"line":5,"column":84}},"type":"binary-expr","locations":[{"start":{"line":5,"column":44},"end":{"line":5,"column":66}},{"start":{"line":5,"column":70},"end":{"line":5,"column":84}}]},"1":{"loc":{"start":{"line":12,"column":4},"end":{"line":17,"column":5}},"type":"if","locations":[{"start":{"line":12,"column":4},"end":{"line":17,"column":5}}]},"2":{"loc":{"start":{"line":31,"column":4},"end":{"line":36,"column":5}},"type":"if","locations":[{"start":{"line":31,"column":4},"end":{"line":36,"column":5}}]},"3":{"loc":{"start":{"line":48,"column":18},"end":{"line":48,"column":50}},"type":"binary-expr","locations":[{"start":{"line":48,"column":18},"end":{"line":48,"column":34}},{"start":{"line":48,"column":38},"end":{"line":48,"column":50}}]}},"s":{"0":1,"1":1,"2":1,"3":1,"4":1,"5":2,"6":2,"7":2,"8":0,"9":2,"10":2,"11":2,"12":2,"13":1,"14":1,"15":1,"16":1,"17":1,"18":0,"19":0,"20":1},"f":{"0":2},"b":{"0":[1,1],"1":[0],"2":[1],"3":[1,0]}}
,"/Users/gio/Development/natena/aws-epam/nodejs-aws-shop-react/aws-back/services/product-service/getProductsList.ts": {"path":"/Users/gio/Development/natena/aws-epam/nodejs-aws-shop-react/aws-back/services/product-service/getProductsList.ts","statementMap":{"0":{"start":{"line":1,"column":0},"end":{"line":1,"column":58}},"1":{"start":{"line":2,"column":0},"end":{"line":2,"column":76}},"2":{"start":{"line":5,"column":15},"end":{"line":5,"column":87}},"3":{"start":{"line":6,"column":18},"end":{"line":6,"column":53}},"4":{"start":{"line":8,"column":47},"end":{"line":60,"column":1}},"5":{"start":{"line":9,"column":2},"end":{"line":9,"column":41}},"6":{"start":{"line":11,"column":2},"end":{"line":59,"column":3}},"7":{"start":{"line":13,"column":27},"end":{"line":16,"column":null}},"8":{"start":{"line":19,"column":21},"end":{"line":19,"column":47}},"9":{"start":{"line":22,"column":25},"end":{"line":25,"column":null}},"10":{"start":{"line":28,"column":19},"end":{"line":28,"column":43}},"11":{"start":{"line":31,"column":27},"end":{"line":40,"column":6}},"12":{"start":{"line":32,"column":30},"end":{"line":32,"column":93}},"13":{"start":{"line":32,"column":49},"end":{"line":32,"column":76}},"14":{"start":{"line":33,"column":6},"end":{"line":39,"column":8}},"15":{"start":{"line":43,"column":4},"end":{"line":50,"column":6}},"16":{"start":{"line":52,"column":4},"end":{"line":52,"column":58}},"17":{"start":{"line":53,"column":4},"end":{"line":58,"column":6}},"18":{"start":{"line":8,"column":13},"end":{"line":8,"column":47}}},"fnMap":{"0":{"name":"(anonymous_0)","decl":{"start":{"line":8,"column":47},"end":{"line":8,"column":52}},"loc":{"start":{"line":8,"column":63},"end":{"line":60,"column":1}}},"1":{"name":"(anonymous_1)","decl":{"start":{"line":31,"column":40},"end":{"line":31,"column":41}},"loc":{"start":{"line":31,"column":52},"end":{"line":40,"column":5}}},"2":{"name":"(anonymous_2)","decl":{"start":{"line":32,"column":42},"end":{"line":32,"column":43}},"loc":{"start":{"line":32,"column":49},"end":{"line":32,"column":76}}}},"branchMap":{"0":{"loc":{"start":{"line":5,"column":44},"end":{"line":5,"column":84}},"type":"binary-expr","locations":[{"start":{"line":5,"column":44},"end":{"line":5,"column":66}},{"start":{"line":5,"column":70},"end":{"line":5,"column":84}}]},"1":{"loc":{"start":{"line":19,"column":21},"end":{"line":19,"column":47}},"type":"binary-expr","locations":[{"start":{"line":19,"column":21},"end":{"line":19,"column":41}},{"start":{"line":19,"column":45},"end":{"line":19,"column":47}}]},"2":{"loc":{"start":{"line":28,"column":19},"end":{"line":28,"column":43}},"type":"binary-expr","locations":[{"start":{"line":28,"column":19},"end":{"line":28,"column":37}},{"start":{"line":28,"column":41},"end":{"line":28,"column":43}}]},"3":{"loc":{"start":{"line":32,"column":30},"end":{"line":32,"column":93}},"type":"binary-expr","locations":[{"start":{"line":32,"column":30},"end":{"line":32,"column":77}},{"start":{"line":32,"column":81},"end":{"line":32,"column":93}}]}},"s":{"0":1,"1":1,"2":1,"3":1,"4":1,"5":1,"6":1,"7":1,"8":1,"9":1,"10":1,"11":1,"12":3,"13":6,"14":3,"15":1,"16":0,"17":0,"18":1},"f":{"0":1,"1":3,"2":6},"b":{"0":[1,1],"1":[1,0],"2":[1,0],"3":[3,0]}}
}
