{"/Users/gio/Development/natena/aws-epam/nodejs-aws-shop-react/aws-back/services/product-service/getProductsById.ts": {"path":"/Users/gio/Development/natena/aws-epam/nodejs-aws-shop-react/aws-back/services/product-service/getProductsById.ts","statementMap":{"0":{"start":{"line":3,"column":47},"end":{"line":32,"column":1}},"1":{"start":{"line":4,"column":24},"end":{"line":4,"column":50}},"2":{"start":{"line":6,"column":19},"end":{"line":9,"column":4}},"3":{"start":{"line":11,"column":18},"end":{"line":11,"column":58}},"4":{"start":{"line":11,"column":39},"end":{"line":11,"column":57}},"5":{"start":{"line":13,"column":2},"end":{"line":22,"column":3}},"6":{"start":{"line":14,"column":4},"end":{"line":21,"column":6}},"7":{"start":{"line":24,"column":2},"end":{"line":31,"column":4}},"8":{"start":{"line":3,"column":13},"end":{"line":3,"column":47}}},"fnMap":{"0":{"name":"(anonymous_0)","decl":{"start":{"line":3,"column":47},"end":{"line":3,"column":52}},"loc":{"start":{"line":3,"column":63},"end":{"line":32,"column":1}}},"1":{"name":"(anonymous_1)","decl":{"start":{"line":11,"column":32},"end":{"line":11,"column":33}},"loc":{"start":{"line":11,"column":39},"end":{"line":11,"column":57}}}},"branchMap":{"0":{"loc":{"start":{"line":4,"column":24},"end":{"line":4,"column":50}},"type":"binary-expr","locations":[{"start":{"line":4,"column":24},"end":{"line":4,"column":44}},{"start":{"line":4,"column":48},"end":{"line":4,"column":50}}]},"1":{"loc":{"start":{"line":13,"column":2},"end":{"line":22,"column":3}},"type":"if","locations":[{"start":{"line":13,"column":2},"end":{"line":22,"column":3}}]}},"s":{"0":1,"1":2,"2":2,"3":2,"4":3,"5":2,"6":1,"7":1,"8":1},"f":{"0":2,"1":3},"b":{"0":[2,0],"1":[1]}}
,"/Users/gio/Development/natena/aws-epam/nodejs-aws-shop-react/aws-back/services/product-service/getProductsList.ts": {"path":"/Users/gio/Development/natena/aws-epam/nodejs-aws-shop-react/aws-back/services/product-service/getProductsList.ts","statementMap":{"0":{"start":{"line":3,"column":47},"end":{"line":18,"column":1}},"1":{"start":{"line":4,"column":19},"end":{"line":8,"column":4}},"2":{"start":{"line":10,"column":2},"end":{"line":17,"column":4}},"3":{"start":{"line":3,"column":13},"end":{"line":3,"column":47}}},"fnMap":{"0":{"name":"(anonymous_0)","decl":{"start":{"line":3,"column":47},"end":{"line":3,"column":52}},"loc":{"start":{"line":3,"column":58},"end":{"line":18,"column":1}}}},"branchMap":{},"s":{"0":1,"1":1,"2":1,"3":1},"f":{"0":1},"b":{}}
}
