TN:
SF:services/product-service/createProduct.ts
FN:18,(anonymous_0)
FNF:1
FNH:1
FNDA:3,(anonymous_0)
DA:2,1
DA:3,1
DA:4,1
DA:6,1
DA:7,1
DA:18,1
DA:20,3
DA:22,3
DA:24,3
DA:25,3
DA:28,3
DA:29,1
DA:30,1
DA:39,2
DA:40,2
DA:46,2
DA:55,2
DA:75,1
DA:88,1
DA:89,1
LF:20
LH:20
BRDA:6,0,0,1
BRDA:6,0,1,1
BRDA:24,1,0,3
BRDA:24,1,1,0
BRDA:28,2,0,1
BRDA:28,3,0,3
BRDA:28,3,1,2
BRDA:43,4,0,2
BRDA:43,4,1,1
BRDA:48,5,0,1
BRDA:48,5,1,1
BRF:11
BRH:10
end_of_record
TN:
SF:services/product-service/getProductsById.ts
FN:8,(anonymous_0)
FNF:1
FNH:1
FNDA:2,(anonymous_0)
DA:1,1
DA:2,1
DA:5,1
DA:6,1
DA:8,1
DA:9,2
DA:11,2
DA:12,2
DA:13,0
DA:18,2
DA:21,2
DA:30,2
DA:31,2
DA:32,1
DA:39,1
DA:48,1
DA:51,1
DA:59,1
DA:68,0
DA:69,0
LF:20
LH:17
BRDA:5,0,0,1
BRDA:5,0,1,1
BRDA:12,1,0,0
BRDA:31,2,0,1
BRDA:48,3,0,1
BRDA:48,3,1,0
BRF:6
BRH:4
end_of_record
TN:
SF:services/product-service/getProductsList.ts
FN:8,(anonymous_0)
FN:31,(anonymous_1)
FN:32,(anonymous_2)
FNF:3
FNH:3
FNDA:1,(anonymous_0)
FNDA:3,(anonymous_1)
FNDA:6,(anonymous_2)
DA:1,1
DA:2,1
DA:5,1
DA:6,1
DA:8,1
DA:9,1
DA:11,1
DA:13,1
DA:19,1
DA:22,1
DA:28,1
DA:31,1
DA:32,6
DA:33,3
DA:43,1
DA:52,0
DA:53,0
LF:17
LH:15
BRDA:5,0,0,1
BRDA:5,0,1,1
BRDA:19,1,0,1
BRDA:19,1,1,0
BRDA:28,2,0,1
BRDA:28,2,1,0
BRDA:32,3,0,3
BRDA:32,3,1,0
BRF:8
BRH:5
end_of_record
