TN:
SF:services/import-service/importFileParser.ts
FN:13,(anonymous_1)
FN:35,(anonymous_2)
FN:38,(anonymous_3)
FN:42,(anonymous_4)
FN:64,(anonymous_5)
FNF:5
FNH:1
FNDA:3,(anonymous_1)
FNDA:0,(anonymous_2)
FNDA:0,(anonymous_3)
FNDA:0,(anonymous_4)
FNDA:0,(anonymous_5)
DA:2,1
DA:8,1
DA:11,1
DA:13,1
DA:14,3
DA:16,3
DA:18,3
DA:19,3
DA:20,3
DA:21,3
DA:24,3
DA:32,3
DA:35,0
DA:36,0
DA:40,0
DA:43,0
DA:46,0
DA:48,0
DA:56,0
DA:62,0
DA:65,0
DA:66,0
DA:71,0
DA:76,3
DA:77,3
LF:25
LH:14
BRDA:11,0,0,1
BRDA:11,0,1,1
BRF:2
BRH:2
end_of_record
